<?xml version="1.0" encoding="UTF-8"?>
<testng-results skipped="0" failed="1" ignored="0" total="1" passed="0">
  <reporter-output>
    <line>
      <![CDATA[Loading Properties into memory]]>
    </line>
    <line>
      <![CDATA[Browser is up and running]]>
    </line>
    <line>
      <![CDATA[Browser is up and running]]>
    </line>
    <line>
      <![CDATA[waiting for page to load...]]>
    </line>
    <line>
      <![CDATA[Page is loaded]]>
    </line>
    <line>
      <![CDATA[BP Application is up and running]]>
    </line>
    <line>
      <![CDATA[Entering UserName..]]>
    </line>
    <line>
      <![CDATA[Entering Password..]]>
    </line>
    <line>
      <![CDATA[Clickng on login..]]>
    </line>
    <line>
      <![CDATA[BP Template submitted successfully]]>
    </line>
    <line>
      <![CDATA[extracting the submission id from the entire text]]>
    </line>
    <line>
      <![CDATA[W3 Application is up and running]]>
    </line>
    <line>
      <![CDATA[w3 Application is up and running]]>
    </line>
    <line>
      <![CDATA[Entering UserName..]]>
    </line>
    <line>
      <![CDATA[Entering Password..]]>
    </line>
    <line>
      <![CDATA[Clickng on login..]]>
    </line>
  </reporter-output>
  <suite name="Default suite" duration-ms="1662558" started-at="2017-06-08T08:01:44Z" finished-at="2017-06-08T08:29:27Z">
    <groups>
    </groups>
    <test name="Default test" duration-ms="1662558" started-at="2017-06-08T08:01:44Z" finished-at="2017-06-08T08:29:27Z">
      <class name="com.test.automatiom.dealReg.E2E_GPP_Validation.E2E_GPP_Validation">
        <test-method status="PASS" signature="setUp()[pri:0, instance:com.test.automatiom.dealReg.E2E_GPP_Validation.E2E_GPP_Validation@7085bdee]" name="setUp" is-config="true" duration-ms="2079" started-at="2017-06-08T13:31:44Z" finished-at="2017-06-08T13:31:46Z">
          <reporter-output>
            <line>
              <![CDATA[Loading Properties into memory]]>
            </line>
            <line>
              <![CDATA[Browser is up and running]]>
            </line>
            <line>
              <![CDATA[Browser is up and running]]>
            </line>
            <line>
              <![CDATA[waiting for page to load...]]>
            </line>
            <line>
              <![CDATA[Page is loaded]]>
            </line>
          </reporter-output>
        </test-method> <!-- setUp -->
        <test-method status="FAIL" signature="GPP_Validate()[pri:0, instance:com.test.automatiom.dealReg.E2E_GPP_Validation.E2E_GPP_Validation@7085bdee]" name="GPP_Validate" duration-ms="1659843" started-at="2017-06-08T13:31:46Z" finished-at="2017-06-08T13:59:26Z">
          <exception class="org.openqa.selenium.NoSuchElementException">
            <message>
              <![CDATA[no such element: Unable to locate element: {"method":"xpath","selector":"//div/fieldset/div[1]/label[contains(text(),'Approve')]"}
  (Session info: chrome=58.0.3029.110)
  (Driver info: chromedriver=2.29.461591 (62ebf098771772160f391d75e589dc567915b233),platform=Windows NT 6.1.7601 SP1 x86_64) (WARNING: The server did not provide any stacktrace information)
Command duration or timeout: 80.09 seconds
For documentation on this error, please visit: http://seleniumhq.org/exceptions/no_such_element.html
Build info: version: '2.52.0', revision: '4c2593cfc3689a7fcd7be52549167e5ccc93ad28', time: '2016-02-11 11:22:43'
System info: host: 'IBM781-PC0DPPRH', ip: '9.193.110.225', os.name: 'Windows 7', os.arch: 'amd64', os.version: '6.1', java.version: '1.8.0'
Driver info: org.openqa.selenium.chrome.ChromeDriver
Capabilities [{applicationCacheEnabled=false, rotatable=false, mobileEmulationEnabled=false, networkConnectionEnabled=false, chrome={chromedriverVersion=2.29.461591 (62ebf098771772160f391d75e589dc567915b233), userDataDir=C:\Users\IBM_AD~1\AppData\Local\Temp\scoped_dir8608_15291}, takesHeapSnapshot=true, pageLoadStrategy=normal, databaseEnabled=false, handlesAlerts=true, hasTouchScreen=false, version=58.0.3029.110, platform=XP, browserConnectionEnabled=false, nativeEvents=true, acceptSslCerts=true, locationContextEnabled=true, webStorageEnabled=true, browserName=chrome, takesScreenshot=true, javascriptEnabled=true, cssSelectorsEnabled=true, unexpectedAlertBehaviour=}]
Session ID: 9cc48b5678c0d3f4b7cd75ef34e9fc97
*** Element info: {Using=xpath, value=//div/fieldset/div[1]/label[contains(text(),'Approve')]}]]>
            </message>
            <full-stacktrace>
              <![CDATA[org.openqa.selenium.NoSuchElementException: no such element: Unable to locate element: {"method":"xpath","selector":"//div/fieldset/div[1]/label[contains(text(),'Approve')]"}
  (Session info: chrome=58.0.3029.110)
  (Driver info: chromedriver=2.29.461591 (62ebf098771772160f391d75e589dc567915b233),platform=Windows NT 6.1.7601 SP1 x86_64) (WARNING: The server did not provide any stacktrace information)
Command duration or timeout: 80.09 seconds
For documentation on this error, please visit: http://seleniumhq.org/exceptions/no_such_element.html
Build info: version: '2.52.0', revision: '4c2593cfc3689a7fcd7be52549167e5ccc93ad28', time: '2016-02-11 11:22:43'
System info: host: 'IBM781-PC0DPPRH', ip: '9.193.110.225', os.name: 'Windows 7', os.arch: 'amd64', os.version: '6.1', java.version: '1.8.0'
Driver info: org.openqa.selenium.chrome.ChromeDriver
Capabilities [{applicationCacheEnabled=false, rotatable=false, mobileEmulationEnabled=false, networkConnectionEnabled=false, chrome={chromedriverVersion=2.29.461591 (62ebf098771772160f391d75e589dc567915b233), userDataDir=C:\Users\IBM_AD~1\AppData\Local\Temp\scoped_dir8608_15291}, takesHeapSnapshot=true, pageLoadStrategy=normal, databaseEnabled=false, handlesAlerts=true, hasTouchScreen=false, version=58.0.3029.110, platform=XP, browserConnectionEnabled=false, nativeEvents=true, acceptSslCerts=true, locationContextEnabled=true, webStorageEnabled=true, browserName=chrome, takesScreenshot=true, javascriptEnabled=true, cssSelectorsEnabled=true, unexpectedAlertBehaviour=}]
Session ID: 9cc48b5678c0d3f4b7cd75ef34e9fc97
*** Element info: {Using=xpath, value=//div/fieldset/div[1]/label[contains(text(),'Approve')]}
	at sun.reflect.NativeConstructorAccessorImpl.newInstance0(Native Method)
	at sun.reflect.NativeConstructorAccessorImpl.newInstance(NativeConstructorAccessorImpl.java:62)
	at sun.reflect.DelegatingConstructorAccessorImpl.newInstance(DelegatingConstructorAccessorImpl.java:45)
	at java.lang.reflect.Constructor.newInstance(Constructor.java:408)
	at org.openqa.selenium.remote.ErrorHandler.createThrowable(ErrorHandler.java:206)
	at org.openqa.selenium.remote.ErrorHandler.throwIfResponseFailed(ErrorHandler.java:158)
	at org.openqa.selenium.remote.RemoteWebDriver.execute(RemoteWebDriver.java:678)
	at org.openqa.selenium.remote.RemoteWebDriver.findElement(RemoteWebDriver.java:363)
	at org.openqa.selenium.remote.RemoteWebDriver.findElementByXPath(RemoteWebDriver.java:500)
	at org.openqa.selenium.By$ByXPath.findElement(By.java:361)
	at org.openqa.selenium.remote.RemoteWebDriver.findElement(RemoteWebDriver.java:355)
	at com.test.automatiom.dealReg.w3_Approval.W3_Approve.Approve_Form(W3_Approve.java:131)
	at com.test.automatiom.dealReg.E2E_GPP_Validation.E2E_GPP_Validation.GPP_Validate(E2E_GPP_Validation.java:27)
	at sun.reflect.NativeMethodAccessorImpl.invoke0(Native Method)
	at sun.reflect.NativeMethodAccessorImpl.invoke(NativeMethodAccessorImpl.java:62)
	at sun.reflect.DelegatingMethodAccessorImpl.invoke(DelegatingMethodAccessorImpl.java:43)
	at java.lang.reflect.Method.invoke(Method.java:483)
	at org.testng.internal.MethodInvocationHelper.invokeMethod(MethodInvocationHelper.java:104)
	at org.testng.internal.Invoker.invokeMethod(Invoker.java:645)
	at org.testng.internal.Invoker.invokeTestMethod(Invoker.java:851)
	at org.testng.internal.Invoker.invokeTestMethods(Invoker.java:1177)
	at org.testng.internal.TestMethodWorker.invokeTestMethods(TestMethodWorker.java:129)
	at org.testng.internal.TestMethodWorker.run(TestMethodWorker.java:112)
	at org.testng.TestRunner.privateRun(TestRunner.java:756)
	at org.testng.TestRunner.run(TestRunner.java:610)
	at org.testng.SuiteRunner.runTest(SuiteRunner.java:387)
	at org.testng.SuiteRunner.runSequentially(SuiteRunner.java:382)
	at org.testng.SuiteRunner.privateRun(SuiteRunner.java:340)
	at org.testng.SuiteRunner.run(SuiteRunner.java:289)
	at org.testng.SuiteRunnerWorker.runSuite(SuiteRunnerWorker.java:52)
	at org.testng.SuiteRunnerWorker.run(SuiteRunnerWorker.java:86)
	at org.testng.TestNG.runSuitesSequentially(TestNG.java:1293)
	at org.testng.TestNG.runSuitesLocally(TestNG.java:1218)
	at org.testng.TestNG.runSuites(TestNG.java:1133)
	at org.testng.TestNG.run(TestNG.java:1104)
	at org.testng.remote.AbstractRemoteTestNG.run(AbstractRemoteTestNG.java:132)
	at org.testng.remote.RemoteTestNG.initAndRun(RemoteTestNG.java:236)
	at org.testng.remote.RemoteTestNG.main(RemoteTestNG.java:81)
]]>
            </full-stacktrace>
          </exception> <!-- org.openqa.selenium.NoSuchElementException -->
          <reporter-output>
            <line>
              <![CDATA[BP Application is up and running]]>
            </line>
            <line>
              <![CDATA[Entering UserName..]]>
            </line>
            <line>
              <![CDATA[Entering Password..]]>
            </line>
            <line>
              <![CDATA[Clickng on login..]]>
            </line>
            <line>
              <![CDATA[BP Template submitted successfully]]>
            </line>
            <line>
              <![CDATA[extracting the submission id from the entire text]]>
            </line>
            <line>
              <![CDATA[W3 Application is up and running]]>
            </line>
            <line>
              <![CDATA[w3 Application is up and running]]>
            </line>
            <line>
              <![CDATA[Entering UserName..]]>
            </line>
            <line>
              <![CDATA[Entering Password..]]>
            </line>
            <line>
              <![CDATA[Clickng on login..]]>
            </line>
          </reporter-output>
        </test-method> <!-- GPP_Validate -->
        <test-method status="PASS" signature="attachScreenshot(org.testng.ITestResult)[pri:0, instance:com.test.automatiom.dealReg.E2E_GPP_Validation.E2E_GPP_Validation@7085bdee]" name="attachScreenshot" is-config="true" duration-ms="608" started-at="2017-06-08T13:59:26Z" finished-at="2017-06-08T13:59:27Z">
          <params>
            <param index="0">
              <value>
                <![CDATA[[TestResult name=GPP_Validate status=FAILURE method=E2E_GPP_Validation.GPP_Validate()[pri:0, instance:com.test.automatiom.dealReg.E2E_GPP_Validation.E2E_GPP_Validation@7085bdee] output=BP Application is up and running]]]>
              </value>
            </param>
          </params>
          <reporter-output>
          </reporter-output>
        </test-method> <!-- attachScreenshot -->
      </class> <!-- com.test.automatiom.dealReg.E2E_GPP_Validation.E2E_GPP_Validation -->
    </test> <!-- Default test -->
  </suite> <!-- Default suite -->
</testng-results>
